Release 14.7 - xst P.20131013 (nt64)
Copyright (c) 1995-2013 Xilinx, Inc.  All rights reserved.
--> Parameter TMPDIR set to xst/projnav.tmp


Total REAL time to Xst completion: 0.00 secs
Total CPU time to Xst completion: 0.17 secs
 
--> Parameter xsthdpdir set to xst


Total REAL time to Xst completion: 0.00 secs
Total CPU time to Xst completion: 0.18 secs
 
--> Reading design: comparador_fila.prj

TABLE OF CONTENTS
  1) Synthesis Options Summary
  2) HDL Compilation
  3) Design Hierarchy Analysis
  4) HDL Analysis
  5) HDL Synthesis
     5.1) HDL Synthesis Report
  6) Advanced HDL Synthesis
     6.1) Advanced HDL Synthesis Report
  7) Low Level Synthesis
  8) Partition Report
  9) Final Report
	9.1) Device utilization summary
	9.2) Partition Resource Summary
	9.3) TIMING REPORT


=========================================================================
*                      Synthesis Options Summary                        *
=========================================================================
---- Source Parameters
Input File Name                    : "comparador_fila.prj"
Input Format                       : mixed
Ignore Synthesis Constraint File   : NO

---- Target Parameters
Output File Name                   : "comparador_fila"
Output Format                      : NGC
Target Device                      : xc3s700an-4-fgg484

---- Source Options
Top Module Name                    : comparador_fila
Automatic FSM Extraction           : YES
FSM Encoding Algorithm             : Gray
Safe Implementation                : No
FSM Style                          : LUT
RAM Extraction                     : Yes
RAM Style                          : Auto
ROM Extraction                     : Yes
Mux Style                          : Auto
Decoder Extraction                 : YES
Priority Encoder Extraction        : Yes
Shift Register Extraction          : YES
Logical Shifter Extraction         : YES
XOR Collapsing                     : YES
ROM Style                          : Auto
Mux Extraction                     : Yes
Resource Sharing                   : YES
Asynchronous To Synchronous        : NO
Multiplier Style                   : Auto
Automatic Register Balancing       : No

---- Target Options
Add IO Buffers                     : YES
Global Maximum Fanout              : 100000
Add Generic Clock Buffer(BUFG)     : 24
Register Duplication               : YES
Slice Packing                      : YES
Optimize Instantiated Primitives   : NO
Use Clock Enable                   : Yes
Use Synchronous Set                : Yes
Use Synchronous Reset              : Yes
Pack IO Registers into IOBs        : Auto
Equivalent register Removal        : YES

---- General Options
Optimization Goal                  : Speed
Optimization Effort                : 1
Keep Hierarchy                     : No
Netlist Hierarchy                  : As_Optimized
RTL Output                         : Yes
Global Optimization                : AllClockNets
Read Cores                         : YES
Write Timing Constraints           : NO
Cross Clock Analysis               : NO
Hierarchy Separator                : /
Bus Delimiter                      : <>
Case Specifier                     : Maintain
Slice Utilization Ratio            : 100
BRAM Utilization Ratio             : 100
Verilog 2001                       : YES
Auto BRAM Packing                  : NO
Slice Utilization Ratio Delta      : 5

=========================================================================

Setting FSM Encoding Algorithm to : Gray


=========================================================================
*                          HDL Compilation                              *
=========================================================================
Compiling vhdl file "C:/Users/Frank/Desktop/Micros/lamic/Lmic/CompFila.vhd" in Library work.
Entity <comparador_fila> compiled.
Entity <comparador_fila> (Architecture <behavioral>) compiled.

=========================================================================
*                     Design Hierarchy Analysis                         *
=========================================================================
Analyzing hierarchy for entity <comparador_fila> in library <work> (architecture <behavioral>).


=========================================================================
*                            HDL Analysis                               *
=========================================================================
Analyzing Entity <comparador_fila> in library <work> (Architecture <behavioral>).
Entity <comparador_fila> analyzed. Unit <comparador_fila> generated.


=========================================================================
*                           HDL Synthesis                               *
=========================================================================

Performing bidirectional port resolution...

Synthesizing Unit <comparador_fila>.
    Related source file is "C:/Users/Frank/Desktop/Micros/lamic/Lmic/CompFila.vhd".
    Found 8-bit register for signal <aux>.
    Found 8-bit comparator greater for signal <comp$cmp_gt0000> created at line 32.
    Found 3-bit register for signal <reg_jx>.
    Summary:
	inferred  11 D-type flip-flop(s).
	inferred   1 Comparator(s).
Unit <comparador_fila> synthesized.


=========================================================================
HDL Synthesis Report

Macro Statistics
# Registers                                            : 2
 3-bit register                                        : 1
 8-bit register                                        : 1
# Comparators                                          : 1
 8-bit comparator greater                              : 1

=========================================================================

=========================================================================
*                       Advanced HDL Synthesis                          *
=========================================================================


=========================================================================
Advanced HDL Synthesis Report

Macro Statistics
# Registers                                            : 11
 Flip-Flops                                            : 11
# Comparators                                          : 1
 8-bit comparator greater                              : 1

=========================================================================

=========================================================================
*                         Low Level Synthesis                           *
=========================================================================

Optimizing unit <comparador_fila> ...

Mapping all equations...
Building and optimizing final netlist ...
Found area constraint ratio of 100 (+ 5) on block comparador_fila, actual ratio is 0.

Final Macro Processing ...

=========================================================================
Final Register Report

Macro Statistics
# Registers                                            : 11
 Flip-Flops                                            : 11

=========================================================================

=========================================================================
*                           Partition Report                            *
=========================================================================

Partition Implementation Status
-------------------------------

  No Partitions were found in this design.

-------------------------------

=========================================================================
*                            Final Report                               *
=========================================================================
Final Results
RTL Top Level Output File Name     : comparador_fila.ngr
Top Level Output File Name         : comparador_fila
Output Format                      : NGC
Optimization Goal                  : Speed
Keep Hierarchy                     : No

Design Statistics
# IOs                              : 26

Cell Usage :
# BELS                             : 30
#      LUT2                        : 17
#      LUT4                        : 4
#      MUXCY                       : 8
#      VCC                         : 1
# FlipFlops/Latches                : 11
#      FDCE                        : 3
#      FDPE                        : 8
# Clock Buffers                    : 1
#      BUFGP                       : 1
# IO Buffers                       : 25
#      IBUF                        : 14
#      OBUF                        : 11
=========================================================================

Device utilization summary:
---------------------------

Selected Device : 3s700anfgg484-4 

 Number of Slices:                       11  out of   5888     0%  
 Number of Slice Flip Flops:             11  out of  11776     0%  
 Number of 4 input LUTs:                 21  out of  11776     0%  
 Number of IOs:                          26
 Number of bonded IOBs:                  26  out of    372     6%  
 Number of GCLKs:                         1  out of     24     4%  

---------------------------
Partition Resource Summary:
---------------------------

  No Partitions were found in this design.

---------------------------


=========================================================================
TIMING REPORT

NOTE: THESE TIMING NUMBERS ARE ONLY A SYNTHESIS ESTIMATE.
      FOR ACCURATE TIMING INFORMATION PLEASE REFER TO THE TRACE REPORT
      GENERATED AFTER PLACE-and-ROUTE.

Clock Information:
------------------
-----------------------------------+------------------------+-------+
Clock Signal                       | Clock buffer(FF name)  | Load  |
-----------------------------------+------------------------+-------+
clk                                | BUFGP                  | 11    |
-----------------------------------+------------------------+-------+

Asynchronous Control Signals Information:
----------------------------------------
-----------------------------------+------------------------+-------+
Control Signal                     | Buffer(FF name)        | Load  |
-----------------------------------+------------------------+-------+
rst                                | IBUF                   | 11    |
-----------------------------------+------------------------+-------+

Timing Summary:
---------------
Speed Grade: -4

   Minimum period: 5.219ns (Maximum Frequency: 191.608MHz)
   Minimum input arrival time before clock: 5.629ns
   Maximum output required time after clock: 5.558ns
   Maximum combinational path delay: No path found

Timing Detail:
--------------
All values displayed in nanoseconds (ns)

=========================================================================
Timing constraint: Default period analysis for Clock 'clk'
  Clock period: 5.219ns (frequency: 191.608MHz)
  Total number of paths / destination ports: 176 / 11
-------------------------------------------------------------------------
Delay:               5.219ns (Levels of Logic = 10)
  Source:            aux_0 (FF)
  Destination:       aux_0 (FF)
  Source Clock:      clk rising
  Destination Clock: clk rising

  Data Path: aux_0 to aux_0
                                Gate     Net
    Cell:in->out      fanout   Delay   Delay  Logical Name (Net Name)
    ----------------------------------------  ------------
     FDPE:C->Q             2   0.591   0.527  aux_0 (aux_0)
     LUT2:I1->O            1   0.643   0.000  Mcompar_comp_cmp_gt0000_lut<0> (Mcompar_comp_cmp_gt0000_lut<0>)
     MUXCY:S->O            1   0.632   0.000  Mcompar_comp_cmp_gt0000_cy<0> (Mcompar_comp_cmp_gt0000_cy<0>)
     MUXCY:CI->O           1   0.065   0.000  Mcompar_comp_cmp_gt0000_cy<1> (Mcompar_comp_cmp_gt0000_cy<1>)
     MUXCY:CI->O           1   0.065   0.000  Mcompar_comp_cmp_gt0000_cy<2> (Mcompar_comp_cmp_gt0000_cy<2>)
     MUXCY:CI->O           1   0.065   0.000  Mcompar_comp_cmp_gt0000_cy<3> (Mcompar_comp_cmp_gt0000_cy<3>)
     MUXCY:CI->O           1   0.065   0.000  Mcompar_comp_cmp_gt0000_cy<4> (Mcompar_comp_cmp_gt0000_cy<4>)
     MUXCY:CI->O           1   0.065   0.000  Mcompar_comp_cmp_gt0000_cy<5> (Mcompar_comp_cmp_gt0000_cy<5>)
     MUXCY:CI->O           1   0.065   0.000  Mcompar_comp_cmp_gt0000_cy<6> (Mcompar_comp_cmp_gt0000_cy<6>)
     MUXCY:CI->O           2   0.269   0.450  Mcompar_comp_cmp_gt0000_cy<7> (Mcompar_comp_cmp_gt0000_cy<7>)
     LUT4:I3->O            8   0.648   0.757  aux_not00011 (aux_not0001)
     FDPE:CE                   0.312          aux_0
    ----------------------------------------
    Total                      5.219ns (3.485ns logic, 1.734ns route)
                                       (66.8% logic, 33.2% route)

=========================================================================
Timing constraint: Default OFFSET IN BEFORE for Clock 'clk'
  Total number of paths / destination ports: 214 / 22
-------------------------------------------------------------------------
Offset:              5.629ns (Levels of Logic = 11)
  Source:            registro<0> (PAD)
  Destination:       aux_0 (FF)
  Destination Clock: clk rising

  Data Path: registro<0> to aux_0
                                Gate     Net
    Cell:in->out      fanout   Delay   Delay  Logical Name (Net Name)
    ----------------------------------------  ------------
     IBUF:I->O             3   0.849   0.674  registro_0_IBUF (registro_0_IBUF)
     LUT2:I0->O            1   0.648   0.000  Mcompar_comp_cmp_gt0000_lut<0> (Mcompar_comp_cmp_gt0000_lut<0>)
     MUXCY:S->O            1   0.632   0.000  Mcompar_comp_cmp_gt0000_cy<0> (Mcompar_comp_cmp_gt0000_cy<0>)
     MUXCY:CI->O           1   0.065   0.000  Mcompar_comp_cmp_gt0000_cy<1> (Mcompar_comp_cmp_gt0000_cy<1>)
     MUXCY:CI->O           1   0.065   0.000  Mcompar_comp_cmp_gt0000_cy<2> (Mcompar_comp_cmp_gt0000_cy<2>)
     MUXCY:CI->O           1   0.065   0.000  Mcompar_comp_cmp_gt0000_cy<3> (Mcompar_comp_cmp_gt0000_cy<3>)
     MUXCY:CI->O           1   0.065   0.000  Mcompar_comp_cmp_gt0000_cy<4> (Mcompar_comp_cmp_gt0000_cy<4>)
     MUXCY:CI->O           1   0.065   0.000  Mcompar_comp_cmp_gt0000_cy<5> (Mcompar_comp_cmp_gt0000_cy<5>)
     MUXCY:CI->O           1   0.065   0.000  Mcompar_comp_cmp_gt0000_cy<6> (Mcompar_comp_cmp_gt0000_cy<6>)
     MUXCY:CI->O           2   0.269   0.450  Mcompar_comp_cmp_gt0000_cy<7> (Mcompar_comp_cmp_gt0000_cy<7>)
     LUT4:I3->O            8   0.648   0.757  aux_not00011 (aux_not0001)
     FDPE:CE                   0.312          aux_0
    ----------------------------------------
    Total                      5.629ns (3.748ns logic, 1.881ns route)
                                       (66.6% logic, 33.4% route)

=========================================================================
Timing constraint: Default OFFSET OUT AFTER for Clock 'clk'
  Total number of paths / destination ports: 11 / 11
-------------------------------------------------------------------------
Offset:              5.558ns (Levels of Logic = 1)
  Source:            aux_7 (FF)
  Destination:       aux_x<7> (PAD)
  Source Clock:      clk rising

  Data Path: aux_7 to aux_x<7>
                                Gate     Net
    Cell:in->out      fanout   Delay   Delay  Logical Name (Net Name)
    ----------------------------------------  ------------
     FDPE:C->Q             2   0.591   0.447  aux_7 (aux_7)
     OBUF:I->O                 4.520          aux_x_7_OBUF (aux_x<7>)
    ----------------------------------------
    Total                      5.558ns (5.111ns logic, 0.447ns route)
                                       (92.0% logic, 8.0% route)

=========================================================================


Total REAL time to Xst completion: 8.00 secs
Total CPU time to Xst completion: 7.47 secs
 
--> 

Total memory usage is 4534384 kilobytes

Number of errors   :    0 (   0 filtered)
Number of warnings :    0 (   0 filtered)
Number of infos    :    0 (   0 filtered)

